Form data requires "python-multipart" to be installed. 
You can install "python-multipart" with: 

pip install python-multipart

Traceback (most recent call last):
  File "<frozen runpy>", line 198, in _run_module_as_main
  File "<frozen runpy>", line 88, in _run_code
  File "C:\Users\nunes\StudioProjects\control\.venv\Lib\site-packages\uvicorn\__main__.py", line 4, in <module>
    uvicorn.main()
    ~~~~~~~~~~~~^^
  File "C:\Users\nunes\StudioProjects\control\.venv\Lib\site-packages\click\core.py", line 1514, in __call__
    return self.main(*args, **kwargs)
           ~~~~~~~~~^^^^^^^^^^^^^^^^^
  File "C:\Users\nunes\StudioProjects\control\.venv\Lib\site-packages\click\core.py", line 1435, in main
    rv = self.invoke(ctx)
  File "C:\Users\nunes\StudioProjects\control\.venv\Lib\site-packages\click\core.py", line 1298, in invoke
    return ctx.invoke(self.callback, **ctx.params)
           ~~~~~~~~~~^^^^^^^^^^^^^^^^^^^^^^^^^^^^^
  File "C:\Users\nunes\StudioProjects\control\.venv\Lib\site-packages\click\core.py", line 853, in invoke
    return callback(*args, **kwargs)
  File "C:\Users\nunes\StudioProjects\control\.venv\Lib\site-packages\uvicorn\main.py", line 410, in main
    run(
    ~~~^
        app,
        ^^^^
    ...<45 lines>...
        h11_max_incomplete_event_size=h11_max_incomplete_event_size,
        ^^^^^^^^^^^^^^^^^^^^^^^^^^^^^^^^^^^^^^^^^^^^^^^^^^^^^^^^^^^^
    )
    ^
  File "C:\Users\nunes\StudioProjects\control\.venv\Lib\site-packages\uvicorn\main.py", line 577, in run
    server.run()
    ~~~~~~~~~~^^
  File "C:\Users\nunes\StudioProjects\control\.venv\Lib\site-packages\uvicorn\server.py", line 65, in run
    return asyncio.run(self.serve(sockets=sockets))
           ~~~~~~~~~~~^^^^^^^^^^^^^^^^^^^^^^^^^^^^^
  File "C:\Program Files\WindowsApps\PythonSoftwareFoundation.Python.3.13_3.13.3568.0_x64__qbz5n2kfra8p0\Lib\asyncio\runners.py", line 195, in run
    return runner.run(main)
           ~~~~~~~~~~^^^^^^
  File "C:\Program Files\WindowsApps\PythonSoftwareFoundation.Python.3.13_3.13.3568.0_x64__qbz5n2kfra8p0\Lib\asyncio\runners.py", line 118, in run
    return self._loop.run_until_complete(task)
           ~~~~~~~~~~~~~~~~~~~~~~~~~~~~~^^^^^^
  File "C:\Program Files\WindowsApps\PythonSoftwareFoundation.Python.3.13_3.13.3568.0_x64__qbz5n2kfra8p0\Lib\asyncio\base_events.py", line 725, in run_until_complete
    return future.result()
           ~~~~~~~~~~~~~^^
  File "C:\Users\nunes\StudioProjects\control\.venv\Lib\site-packages\uvicorn\server.py", line 69, in serve
    await self._serve(sockets)
  File "C:\Users\nunes\StudioProjects\control\.venv\Lib\site-packages\uvicorn\server.py", line 76, in _serve
    config.load()
    ~~~~~~~~~~~^^
  File "C:\Users\nunes\StudioProjects\control\.venv\Lib\site-packages\uvicorn\config.py", line 434, in load
    self.loaded_app = import_from_string(self.app)
                      ~~~~~~~~~~~~~~~~~~^^^^^^^^^^
  File "C:\Users\nunes\StudioProjects\control\.venv\Lib\site-packages\uvicorn\importer.py", line 19, in import_from_string
    module = importlib.import_module(module_str)
  File "C:\Program Files\WindowsApps\PythonSoftwareFoundation.Python.3.13_3.13.3568.0_x64__qbz5n2kfra8p0\Lib\importlib\__init__.py", line 88, in import_module
    return _bootstrap._gcd_import(name[level:], package, level)
           ~~~~~~~~~~~~~~~~~~~~~~^^^^^^^^^^^^^^^^^^^^^^^^^^^^^^
  File "<frozen importlib._bootstrap>", line 1395, in _gcd_import
  File "<frozen importlib._bootstrap>", line 1360, in _find_and_load
  File "<frozen importlib._bootstrap>", line 1331, in _find_and_load_unlocked
  File "<frozen importlib._bootstrap>", line 935, in _load_unlocked
  File "<frozen importlib._bootstrap_external>", line 1023, in exec_module
  File "<frozen importlib._bootstrap>", line 488, in _call_with_frames_removed
  File "C:\Users\nunes\StudioProjects\control\server\main.py", line 18, in <module>
    from api.endpoints import router as api_router
  File "C:\Users\nunes\StudioProjects\control\server\api\endpoints.py", line 68, in <module>
    @router.post("/auth/login", response_model=LoginResponse)
     ~~~~~~~~~~~^^^^^^^^^^^^^^^^^^^^^^^^^^^^^^^^^^^^^^^^^^^^^
  File "C:\Users\nunes\StudioProjects\control\.venv\Lib\site-packages\fastapi\routing.py", line 992, in decorator
    self.add_api_route(
    ~~~~~~~~~~~~~~~~~~^
        path,
        ^^^^^
    ...<23 lines>...
        generate_unique_id_function=generate_unique_id_function,
        ^^^^^^^^^^^^^^^^^^^^^^^^^^^^^^^^^^^^^^^^^^^^^^^^^^^^^^^^
    )
    ^
  File "C:\Users\nunes\StudioProjects\control\.venv\Lib\site-packages\fastapi\routing.py", line 931, in add_api_route
    route = route_class(
        self.prefix + path,
    ...<24 lines>...
        generate_unique_id_function=current_generate_unique_id,
    )
  File "C:\Users\nunes\StudioProjects\control\.venv\Lib\site-packages\fastapi\routing.py", line 552, in __init__
    self.dependant = get_dependant(path=self.path_format, call=self.endpoint)
                     ~~~~~~~~~~~~~^^^^^^^^^^^^^^^^^^^^^^^^^^^^^^^^^^^^^^^^^^^
  File "C:\Users\nunes\StudioProjects\control\.venv\Lib\site-packages\fastapi\dependencies\utils.py", line 284, in get_dependant
    sub_dependant = get_param_sub_dependant(
        param_name=param_name,
    ...<2 lines>...
        security_scopes=security_scopes,
    )
  File "C:\Users\nunes\StudioProjects\control\.venv\Lib\site-packages\fastapi\dependencies\utils.py", line 118, in get_param_sub_dependant
    return get_sub_dependant(
        depends=depends,
    ...<3 lines>...
        security_scopes=security_scopes,
    )
  File "C:\Users\nunes\StudioProjects\control\.venv\Lib\site-packages\fastapi\dependencies\utils.py", line 154, in get_sub_dependant
    sub_dependant = get_dependant(
        path=path,
    ...<3 lines>...
        use_cache=depends.use_cache,
    )
  File "C:\Users\nunes\StudioProjects\control\.venv\Lib\site-packages\fastapi\dependencies\utils.py", line 277, in get_dependant
    param_details = analyze_param(
        param_name=param_name,
    ...<2 lines>...
        is_path_param=is_path_param,
    )
  File "C:\Users\nunes\StudioProjects\control\.venv\Lib\site-packages\fastapi\dependencies\utils.py", line 472, in analyze_param
    ensure_multipart_is_installed()
    ~~~~~~~~~~~~~~~~~~~~~~~~~~~~~^^
  File "C:\Users\nunes\StudioProjects\control\.venv\Lib\site-packages\fastapi\dependencies\utils.py", line 107, in ensure_multipart_is_installed
    raise RuntimeError(multipart_not_installed_error) from None
RuntimeError: Form data requires "python-multipart" to be installed. 
You can install "python-multipart" with: 

pip install python-multipart

